22/08/04 13:34:31 INFO TextDataConvertor: Dataset: [../data/train-1.txt]
22/08/04 13:34:31 INFO TextDataConvertor: DataSet: ../data/train-1.txt is finished
22/08/04 13:34:31 INFO TextDataConvertor: rating Scale: [1.0]
22/08/04 13:34:31 INFO TextDataConvertor: user number: 6030,	 item number is: 2652
22/08/04 13:34:31 INFO TextDataModel: Transform data to Convertor successfully!
22/08/04 13:34:31 INFO TextDataConvertor: Dataset: [../data/test-1.txt]
22/08/04 13:34:31 INFO TextDataConvertor: DataSet: ../data/test-1.txt is finished
22/08/04 13:34:31 INFO TextDataConvertor: rating Scale: [1.0]
22/08/04 13:34:31 INFO TextDataConvertor: user number: 6030,	 item number is: 2652
22/08/04 13:34:31 INFO TextDataModel: Split data to train Set and test Set successfully!
22/08/04 13:34:31 INFO TextDataModel: Data cardinality of training is 6030
22/08/04 13:34:31 INFO TextDataModel: Data cardinality of testing is 1
22/08/04 13:34:31 INFO TextDataConvertor: Dataset: [../data/split/cv_1/train.txt]
22/08/04 13:34:31 INFO TextDataConvertor: DataSet: ../data/split/cv_1/train.txt is finished
22/08/04 13:34:31 INFO TextDataConvertor: rating Scale: [1.0]
22/08/04 13:34:31 INFO TextDataConvertor: user number: 6030,	 item number is: 2652
22/08/04 13:34:31 INFO TextDataModel: Transform data to Convertor successfully!
22/08/04 13:34:31 INFO TextDataConvertor: Dataset: [../data/split/cv_1/test.txt]
22/08/04 13:34:31 INFO TextDataConvertor: DataSet: ../data/split/cv_1/test.txt is finished
22/08/04 13:34:31 INFO TextDataConvertor: rating Scale: [1.0]
22/08/04 13:34:31 INFO TextDataConvertor: user number: 6030,	 item number is: 2652
22/08/04 13:34:31 INFO TextDataModel: Split data to train Set and test Set successfully!
22/08/04 13:34:31 INFO TextDataModel: Data cardinality of training is 6030
22/08/04 13:34:31 INFO TextDataModel: Data cardinality of testing is 1
22/08/04 13:34:31 INFO RecommenderJob: ExpCMD: START - Executing recommender job on 1.
22/08/04 13:34:32 INFO BiasedMFRecommender: Job Setup completed.
22/08/04 13:34:32 INFO BiasedMFRecommender: BiasedMFRecommender iter 1: loss = 0.00693416498389289, delta_loss = -0.006934165
22/08/04 13:34:32 INFO BiasedMFRecommender: BiasedMFRecommender iter 2: loss = 0.006561652323964529, delta_loss = 3.7251267E-4
22/08/04 13:34:32 INFO BiasedMFRecommender: BiasedMFRecommender iter 3: loss = 0.006218035029651427, delta_loss = 3.4361728E-4
22/08/04 13:34:32 INFO BiasedMFRecommender: BiasedMFRecommender iter 4: loss = 0.0059006968513961216, delta_loss = 3.1733818E-4
22/08/04 13:34:32 INFO BiasedMFRecommender: BiasedMFRecommender iter 5: loss = 0.0056072830752817385, delta_loss = 2.934138E-4
22/08/04 13:34:32 INFO BiasedMFRecommender: BiasedMFRecommender iter 6: loss = 0.005335672377485955, delta_loss = 2.716107E-4
22/08/04 13:34:32 INFO BiasedMFRecommender: BiasedMFRecommender iter 7: loss = 0.005083951894200276, delta_loss = 2.5172048E-4
22/08/04 13:34:32 INFO BiasedMFRecommender: BiasedMFRecommender iter 8: loss = 0.004850395120742049, delta_loss = 2.3355677E-4
22/08/04 13:34:32 INFO BiasedMFRecommender: BiasedMFRecommender iter 9: loss = 0.004633442302030179, delta_loss = 2.1695282E-4
22/08/04 13:34:32 INFO BiasedMFRecommender: BiasedMFRecommender iter 10: loss = 0.004431683018730494, delta_loss = 2.0175928E-4
22/08/04 13:34:32 INFO BiasedMFRecommender: Job Train completed.
22/08/04 13:34:32 INFO RecommenderJob: ExpCMD: COMPLETE
22/08/04 13:34:32 INFO RecommenderJob: EvalCMD: START
22/08/04 13:34:32 INFO BiasedMFRecommender: begin recommend
22/08/04 13:34:32 INFO BiasedMFRecommender: end recommend
22/08/04 13:34:32 INFO RecommenderJob: Evaluator info:NormalizedDCGEvaluator is 0.0
22/08/04 13:34:32 INFO RecommenderJob: Evaluator info:PrecisionEvaluator is 0.0
22/08/04 13:34:32 INFO BiasedMFRecommender: begin recommend
22/08/04 13:34:32 INFO BiasedMFRecommender: end recommend
22/08/04 13:34:32 INFO RecommenderJob: Result path is exp00000/result/out-1.txt
22/08/04 13:34:33 INFO RecommenderJob: EvalCMD: COMPLETE.
